[2025-09-18T05:52:32.878+0000] {taskinstance.py:1956} INFO - Dependencies all met for dep_context=non-requeueable deps ti=<TaskInstance: equities_intraday_stream_dag.stream_equities_intraday scheduled__2025-09-17T05:25:00+00:00 [queued]>
[2025-09-18T05:52:32.900+0000] {taskinstance.py:1956} INFO - Dependencies all met for dep_context=requeueable deps ti=<TaskInstance: equities_intraday_stream_dag.stream_equities_intraday scheduled__2025-09-17T05:25:00+00:00 [queued]>
[2025-09-18T05:52:32.905+0000] {taskinstance.py:2170} INFO - Starting attempt 1 of 1
[2025-09-18T05:52:32.951+0000] {taskinstance.py:2191} INFO - Executing <Task(PythonOperator): stream_equities_intraday> on 2025-09-17 05:25:00+00:00
[2025-09-18T05:52:32.990+0000] {standard_task_runner.py:60} INFO - Started process 265 to run task
[2025-09-18T05:52:33.053+0000] {standard_task_runner.py:87} INFO - Running: ['***', 'tasks', 'run', 'equities_intraday_stream_dag', 'stream_equities_intraday', 'scheduled__2025-09-17T05:25:00+00:00', '--job-id', '10', '--raw', '--subdir', 'DAGS_FOLDER/equities_intraday_stream_dag.py', '--cfg-path', '/tmp/tmp6xwbmlg0']
[2025-09-18T05:52:33.070+0000] {standard_task_runner.py:88} INFO - Job 10: Subtask stream_equities_intraday
[2025-09-18T05:52:33.295+0000] {task_command.py:423} INFO - Running <TaskInstance: equities_intraday_stream_dag.stream_equities_intraday scheduled__2025-09-17T05:25:00+00:00 [running]> on host 5940dd694332
[2025-09-18T05:52:33.519+0000] {taskinstance.py:2480} INFO - Exporting env vars: AIRFLOW_CTX_DAG_OWNER='ho' AIRFLOW_CTX_DAG_ID='equities_intraday_stream_dag' AIRFLOW_CTX_TASK_ID='stream_equities_intraday' AIRFLOW_CTX_EXECUTION_DATE='2025-09-17T05:25:00+00:00' AIRFLOW_CTX_TRY_NUMBER='1' AIRFLOW_CTX_DAG_RUN_ID='scheduled__2025-09-17T05:25:00+00:00'
[2025-09-18T05:52:35.486+0000] {base.py:126} ERROR - Failed to get ticker 'MSFT' reason: Expecting value: line 1 column 1 (char 0)
[2025-09-18T05:52:35.520+0000] {base.py:126} ERROR - Failed to get ticker 'AAPL' reason: Expecting value: line 1 column 1 (char 0)
[2025-09-18T05:52:35.525+0000] {base.py:126} ERROR - Failed to get ticker 'GOOG' reason: Expecting value: line 1 column 1 (char 0)
[2025-09-18T05:52:36.531+0000] {logging_mixin.py:188} WARNING - [                       0%                       ]
[2025-09-18T05:52:36.532+0000] {logging_mixin.py:188} WARNING - [                       0%                       ]
[2025-09-18T05:52:36.552+0000] {logging_mixin.py:188} WARNING - [*********************100%***********************]  3 of 3 completed
[2025-09-18T05:52:36.554+0000] {multi.py:171} ERROR - 
3 Failed downloads:
[2025-09-18T05:52:36.555+0000] {multi.py:184} ERROR - ['GOOG', 'AAPL', 'MSFT']: JSONDecodeError('Expecting value: line 1 column 1 (char 0)')
[2025-09-18T05:52:36.716+0000] {python.py:201} INFO - Done. Returned value was: None
[2025-09-18T05:52:36.770+0000] {taskinstance.py:1138} INFO - Marking task as SUCCESS. dag_id=equities_intraday_stream_dag, task_id=stream_equities_intraday, execution_date=20250917T052500, start_date=20250918T055232, end_date=20250918T055236
[2025-09-18T05:52:36.911+0000] {local_task_job_runner.py:234} INFO - Task exited with return code 0
[2025-09-18T05:52:37.083+0000] {taskinstance.py:3280} INFO - 0 downstream tasks scheduled from follow-on schedule check
