[2025-09-17T01:58:04.769+0000] {processor.py:161} INFO - Started process (PID=180) to work on /opt/airflow/dags/equities_eod_batch_dag.py
[2025-09-17T01:58:04.772+0000] {processor.py:830} INFO - Processing file /opt/airflow/dags/equities_eod_batch_dag.py for tasks to queue
[2025-09-17T01:58:04.774+0000] {logging_mixin.py:188} INFO - [2025-09-17T01:58:04.774+0000] {dagbag.py:538} INFO - Filling up the DagBag from /opt/airflow/dags/equities_eod_batch_dag.py
[2025-09-17T01:58:04.786+0000] {logging_mixin.py:188} INFO - [2025-09-17T01:58:04.784+0000] {dagbag.py:348} ERROR - Failed to import: /opt/airflow/dags/equities_eod_batch_dag.py
Traceback (most recent call last):
  File "/home/airflow/.local/lib/python3.8/site-packages/airflow/models/dagbag.py", line 344, in parse
    loader.exec_module(new_module)
  File "<frozen importlib._bootstrap_external>", line 843, in exec_module
  File "<frozen importlib._bootstrap>", line 219, in _call_with_frames_removed
  File "/opt/airflow/dags/equities_eod_batch_dag.py", line 4, in <module>
    from scripts.equities_eod_writer import run_equities_eod_writer
ModuleNotFoundError: No module named 'scripts.equities_eod_writer'
[2025-09-17T01:58:04.788+0000] {processor.py:842} WARNING - No viable dags retrieved from /opt/airflow/dags/equities_eod_batch_dag.py
[2025-09-17T01:58:04.862+0000] {processor.py:183} INFO - Processing /opt/airflow/dags/equities_eod_batch_dag.py took 0.101 seconds
[2025-09-17T01:58:35.798+0000] {processor.py:161} INFO - Started process (PID=218) to work on /opt/airflow/dags/equities_eod_batch_dag.py
[2025-09-17T01:58:35.799+0000] {processor.py:830} INFO - Processing file /opt/airflow/dags/equities_eod_batch_dag.py for tasks to queue
[2025-09-17T01:58:35.800+0000] {logging_mixin.py:188} INFO - [2025-09-17T01:58:35.800+0000] {dagbag.py:538} INFO - Filling up the DagBag from /opt/airflow/dags/equities_eod_batch_dag.py
[2025-09-17T01:58:35.805+0000] {logging_mixin.py:188} INFO - [2025-09-17T01:58:35.803+0000] {dagbag.py:348} ERROR - Failed to import: /opt/airflow/dags/equities_eod_batch_dag.py
Traceback (most recent call last):
  File "/home/airflow/.local/lib/python3.8/site-packages/airflow/models/dagbag.py", line 344, in parse
    loader.exec_module(new_module)
  File "<frozen importlib._bootstrap_external>", line 843, in exec_module
  File "<frozen importlib._bootstrap>", line 219, in _call_with_frames_removed
  File "/opt/airflow/dags/equities_eod_batch_dag.py", line 4, in <module>
    from scripts.equities_eod_writer import run_equities_eod_writer
ModuleNotFoundError: No module named 'scripts.equities_eod_writer'
[2025-09-17T01:58:35.805+0000] {processor.py:842} WARNING - No viable dags retrieved from /opt/airflow/dags/equities_eod_batch_dag.py
[2025-09-17T01:58:35.846+0000] {processor.py:183} INFO - Processing /opt/airflow/dags/equities_eod_batch_dag.py took 0.053 seconds
[2025-09-17T01:59:07.322+0000] {processor.py:161} INFO - Started process (PID=246) to work on /opt/airflow/dags/equities_eod_batch_dag.py
[2025-09-17T01:59:07.325+0000] {processor.py:830} INFO - Processing file /opt/airflow/dags/equities_eod_batch_dag.py for tasks to queue
[2025-09-17T01:59:07.328+0000] {logging_mixin.py:188} INFO - [2025-09-17T01:59:07.328+0000] {dagbag.py:538} INFO - Filling up the DagBag from /opt/airflow/dags/equities_eod_batch_dag.py
[2025-09-17T01:59:07.342+0000] {logging_mixin.py:188} INFO - [2025-09-17T01:59:07.339+0000] {dagbag.py:348} ERROR - Failed to import: /opt/airflow/dags/equities_eod_batch_dag.py
Traceback (most recent call last):
  File "/home/airflow/.local/lib/python3.8/site-packages/airflow/models/dagbag.py", line 344, in parse
    loader.exec_module(new_module)
  File "<frozen importlib._bootstrap_external>", line 843, in exec_module
  File "<frozen importlib._bootstrap>", line 219, in _call_with_frames_removed
  File "/opt/airflow/dags/equities_eod_batch_dag.py", line 4, in <module>
    from scripts.equities_eod_writer import run_equities_eod_writer
ModuleNotFoundError: No module named 'scripts.equities_eod_writer'
[2025-09-17T01:59:07.344+0000] {processor.py:842} WARNING - No viable dags retrieved from /opt/airflow/dags/equities_eod_batch_dag.py
[2025-09-17T01:59:07.443+0000] {processor.py:183} INFO - Processing /opt/airflow/dags/equities_eod_batch_dag.py took 0.136 seconds
[2025-09-17T01:59:38.584+0000] {processor.py:161} INFO - Started process (PID=271) to work on /opt/airflow/dags/equities_eod_batch_dag.py
[2025-09-17T01:59:38.603+0000] {processor.py:830} INFO - Processing file /opt/airflow/dags/equities_eod_batch_dag.py for tasks to queue
[2025-09-17T01:59:38.607+0000] {logging_mixin.py:188} INFO - [2025-09-17T01:59:38.606+0000] {dagbag.py:538} INFO - Filling up the DagBag from /opt/airflow/dags/equities_eod_batch_dag.py
[2025-09-17T01:59:38.625+0000] {logging_mixin.py:188} INFO - [2025-09-17T01:59:38.621+0000] {dagbag.py:348} ERROR - Failed to import: /opt/airflow/dags/equities_eod_batch_dag.py
Traceback (most recent call last):
  File "/home/airflow/.local/lib/python3.8/site-packages/airflow/models/dagbag.py", line 344, in parse
    loader.exec_module(new_module)
  File "<frozen importlib._bootstrap_external>", line 843, in exec_module
  File "<frozen importlib._bootstrap>", line 219, in _call_with_frames_removed
  File "/opt/airflow/dags/equities_eod_batch_dag.py", line 4, in <module>
    from scripts.equities_eod_writer import run_equities_eod_writer
ModuleNotFoundError: No module named 'scripts.equities_eod_writer'
[2025-09-17T01:59:38.625+0000] {processor.py:842} WARNING - No viable dags retrieved from /opt/airflow/dags/equities_eod_batch_dag.py
[2025-09-17T01:59:38.733+0000] {processor.py:183} INFO - Processing /opt/airflow/dags/equities_eod_batch_dag.py took 0.206 seconds
[2025-09-17T02:00:09.431+0000] {processor.py:161} INFO - Started process (PID=296) to work on /opt/airflow/dags/equities_eod_batch_dag.py
[2025-09-17T02:00:09.434+0000] {processor.py:830} INFO - Processing file /opt/airflow/dags/equities_eod_batch_dag.py for tasks to queue
[2025-09-17T02:00:09.436+0000] {logging_mixin.py:188} INFO - [2025-09-17T02:00:09.436+0000] {dagbag.py:538} INFO - Filling up the DagBag from /opt/airflow/dags/equities_eod_batch_dag.py
[2025-09-17T02:00:09.453+0000] {logging_mixin.py:188} INFO - [2025-09-17T02:00:09.447+0000] {dagbag.py:348} ERROR - Failed to import: /opt/airflow/dags/equities_eod_batch_dag.py
Traceback (most recent call last):
  File "/home/airflow/.local/lib/python3.8/site-packages/airflow/models/dagbag.py", line 344, in parse
    loader.exec_module(new_module)
  File "<frozen importlib._bootstrap_external>", line 843, in exec_module
  File "<frozen importlib._bootstrap>", line 219, in _call_with_frames_removed
  File "/opt/airflow/dags/equities_eod_batch_dag.py", line 4, in <module>
    from scripts.equities_eod_writer import run_equities_eod_writer
ModuleNotFoundError: No module named 'scripts.equities_eod_writer'
[2025-09-17T02:00:09.454+0000] {processor.py:842} WARNING - No viable dags retrieved from /opt/airflow/dags/equities_eod_batch_dag.py
[2025-09-17T02:00:09.558+0000] {processor.py:183} INFO - Processing /opt/airflow/dags/equities_eod_batch_dag.py took 0.137 seconds
[2025-09-17T02:04:09.049+0000] {processor.py:161} INFO - Started process (PID=180) to work on /opt/airflow/dags/equities_eod_batch_dag.py
[2025-09-17T02:04:09.051+0000] {processor.py:830} INFO - Processing file /opt/airflow/dags/equities_eod_batch_dag.py for tasks to queue
[2025-09-17T02:04:09.052+0000] {logging_mixin.py:188} INFO - [2025-09-17T02:04:09.052+0000] {dagbag.py:538} INFO - Filling up the DagBag from /opt/airflow/dags/equities_eod_batch_dag.py
[2025-09-17T02:04:09.060+0000] {logging_mixin.py:188} INFO - [2025-09-17T02:04:09.059+0000] {dagbag.py:348} ERROR - Failed to import: /opt/airflow/dags/equities_eod_batch_dag.py
Traceback (most recent call last):
  File "/home/airflow/.local/lib/python3.8/site-packages/airflow/models/dagbag.py", line 344, in parse
    loader.exec_module(new_module)
  File "<frozen importlib._bootstrap_external>", line 843, in exec_module
  File "<frozen importlib._bootstrap>", line 219, in _call_with_frames_removed
  File "/opt/airflow/dags/equities_eod_batch_dag.py", line 4, in <module>
    from scripts.equities_eod_writer import run_equities_eod_writer
ModuleNotFoundError: No module named 'scripts.equities_eod_writer'
[2025-09-17T02:04:09.061+0000] {processor.py:842} WARNING - No viable dags retrieved from /opt/airflow/dags/equities_eod_batch_dag.py
[2025-09-17T02:04:09.102+0000] {processor.py:183} INFO - Processing /opt/airflow/dags/equities_eod_batch_dag.py took 0.059 seconds
[2025-09-17T02:04:40.253+0000] {processor.py:161} INFO - Started process (PID=218) to work on /opt/airflow/dags/equities_eod_batch_dag.py
[2025-09-17T02:04:40.255+0000] {processor.py:830} INFO - Processing file /opt/airflow/dags/equities_eod_batch_dag.py for tasks to queue
[2025-09-17T02:04:40.258+0000] {logging_mixin.py:188} INFO - [2025-09-17T02:04:40.257+0000] {dagbag.py:538} INFO - Filling up the DagBag from /opt/airflow/dags/equities_eod_batch_dag.py
[2025-09-17T02:04:40.291+0000] {logging_mixin.py:188} INFO - [2025-09-17T02:04:40.270+0000] {dagbag.py:348} ERROR - Failed to import: /opt/airflow/dags/equities_eod_batch_dag.py
Traceback (most recent call last):
  File "/home/airflow/.local/lib/python3.8/site-packages/airflow/models/dagbag.py", line 344, in parse
    loader.exec_module(new_module)
  File "<frozen importlib._bootstrap_external>", line 843, in exec_module
  File "<frozen importlib._bootstrap>", line 219, in _call_with_frames_removed
  File "/opt/airflow/dags/equities_eod_batch_dag.py", line 4, in <module>
    from scripts.equities_eod_writer import run_equities_eod_writer
ModuleNotFoundError: No module named 'scripts.equities_eod_writer'
[2025-09-17T02:04:40.295+0000] {processor.py:842} WARNING - No viable dags retrieved from /opt/airflow/dags/equities_eod_batch_dag.py
[2025-09-17T02:04:40.848+0000] {processor.py:183} INFO - Processing /opt/airflow/dags/equities_eod_batch_dag.py took 0.605 seconds
[2025-09-17T02:05:12.032+0000] {processor.py:161} INFO - Started process (PID=244) to work on /opt/airflow/dags/equities_eod_batch_dag.py
[2025-09-17T02:05:12.036+0000] {processor.py:830} INFO - Processing file /opt/airflow/dags/equities_eod_batch_dag.py for tasks to queue
[2025-09-17T02:05:12.040+0000] {logging_mixin.py:188} INFO - [2025-09-17T02:05:12.038+0000] {dagbag.py:538} INFO - Filling up the DagBag from /opt/airflow/dags/equities_eod_batch_dag.py
[2025-09-17T02:05:12.059+0000] {logging_mixin.py:188} INFO - [2025-09-17T02:05:12.055+0000] {dagbag.py:348} ERROR - Failed to import: /opt/airflow/dags/equities_eod_batch_dag.py
Traceback (most recent call last):
  File "/home/airflow/.local/lib/python3.8/site-packages/airflow/models/dagbag.py", line 344, in parse
    loader.exec_module(new_module)
  File "<frozen importlib._bootstrap_external>", line 843, in exec_module
  File "<frozen importlib._bootstrap>", line 219, in _call_with_frames_removed
  File "/opt/airflow/dags/equities_eod_batch_dag.py", line 4, in <module>
    from scripts.equities_eod_writer import run_equities_eod_writer
ModuleNotFoundError: No module named 'scripts.equities_eod_writer'
[2025-09-17T02:05:12.061+0000] {processor.py:842} WARNING - No viable dags retrieved from /opt/airflow/dags/equities_eod_batch_dag.py
[2025-09-17T02:05:12.139+0000] {processor.py:183} INFO - Processing /opt/airflow/dags/equities_eod_batch_dag.py took 0.126 seconds
[2025-09-17T02:05:42.505+0000] {processor.py:161} INFO - Started process (PID=269) to work on /opt/airflow/dags/equities_eod_batch_dag.py
[2025-09-17T02:05:42.507+0000] {processor.py:830} INFO - Processing file /opt/airflow/dags/equities_eod_batch_dag.py for tasks to queue
[2025-09-17T02:05:42.509+0000] {logging_mixin.py:188} INFO - [2025-09-17T02:05:42.509+0000] {dagbag.py:538} INFO - Filling up the DagBag from /opt/airflow/dags/equities_eod_batch_dag.py
[2025-09-17T02:05:42.518+0000] {logging_mixin.py:188} INFO - [2025-09-17T02:05:42.516+0000] {dagbag.py:348} ERROR - Failed to import: /opt/airflow/dags/equities_eod_batch_dag.py
Traceback (most recent call last):
  File "/home/airflow/.local/lib/python3.8/site-packages/airflow/models/dagbag.py", line 344, in parse
    loader.exec_module(new_module)
  File "<frozen importlib._bootstrap_external>", line 843, in exec_module
  File "<frozen importlib._bootstrap>", line 219, in _call_with_frames_removed
  File "/opt/airflow/dags/equities_eod_batch_dag.py", line 4, in <module>
    from scripts.equities_eod_writer import run_equities_eod_writer
ModuleNotFoundError: No module named 'scripts.equities_eod_writer'
[2025-09-17T02:05:42.518+0000] {processor.py:842} WARNING - No viable dags retrieved from /opt/airflow/dags/equities_eod_batch_dag.py
[2025-09-17T02:05:42.544+0000] {processor.py:183} INFO - Processing /opt/airflow/dags/equities_eod_batch_dag.py took 0.045 seconds
[2025-09-17T02:06:13.505+0000] {processor.py:161} INFO - Started process (PID=294) to work on /opt/airflow/dags/equities_eod_batch_dag.py
[2025-09-17T02:06:13.508+0000] {processor.py:830} INFO - Processing file /opt/airflow/dags/equities_eod_batch_dag.py for tasks to queue
[2025-09-17T02:06:13.510+0000] {logging_mixin.py:188} INFO - [2025-09-17T02:06:13.510+0000] {dagbag.py:538} INFO - Filling up the DagBag from /opt/airflow/dags/equities_eod_batch_dag.py
[2025-09-17T02:06:13.521+0000] {logging_mixin.py:188} INFO - [2025-09-17T02:06:13.518+0000] {dagbag.py:348} ERROR - Failed to import: /opt/airflow/dags/equities_eod_batch_dag.py
Traceback (most recent call last):
  File "/home/airflow/.local/lib/python3.8/site-packages/airflow/models/dagbag.py", line 344, in parse
    loader.exec_module(new_module)
  File "<frozen importlib._bootstrap_external>", line 843, in exec_module
  File "<frozen importlib._bootstrap>", line 219, in _call_with_frames_removed
  File "/opt/airflow/dags/equities_eod_batch_dag.py", line 4, in <module>
    from scripts.equities_eod_writer import run_equities_eod_writer
ModuleNotFoundError: No module named 'scripts.equities_eod_writer'
[2025-09-17T02:06:13.524+0000] {processor.py:842} WARNING - No viable dags retrieved from /opt/airflow/dags/equities_eod_batch_dag.py
[2025-09-17T02:06:13.567+0000] {processor.py:183} INFO - Processing /opt/airflow/dags/equities_eod_batch_dag.py took 0.067 seconds
[2025-09-17T02:06:44.081+0000] {processor.py:161} INFO - Started process (PID=319) to work on /opt/airflow/dags/equities_eod_batch_dag.py
[2025-09-17T02:06:44.082+0000] {processor.py:830} INFO - Processing file /opt/airflow/dags/equities_eod_batch_dag.py for tasks to queue
[2025-09-17T02:06:44.083+0000] {logging_mixin.py:188} INFO - [2025-09-17T02:06:44.083+0000] {dagbag.py:538} INFO - Filling up the DagBag from /opt/airflow/dags/equities_eod_batch_dag.py
[2025-09-17T02:06:44.089+0000] {logging_mixin.py:188} INFO - [2025-09-17T02:06:44.088+0000] {dagbag.py:348} ERROR - Failed to import: /opt/airflow/dags/equities_eod_batch_dag.py
Traceback (most recent call last):
  File "/home/airflow/.local/lib/python3.8/site-packages/airflow/models/dagbag.py", line 344, in parse
    loader.exec_module(new_module)
  File "<frozen importlib._bootstrap_external>", line 843, in exec_module
  File "<frozen importlib._bootstrap>", line 219, in _call_with_frames_removed
  File "/opt/airflow/dags/equities_eod_batch_dag.py", line 4, in <module>
    from scripts.equities_eod_writer import run_equities_eod_writer
ModuleNotFoundError: No module named 'scripts.equities_eod_writer'
[2025-09-17T02:06:44.090+0000] {processor.py:842} WARNING - No viable dags retrieved from /opt/airflow/dags/equities_eod_batch_dag.py
[2025-09-17T02:06:44.167+0000] {processor.py:183} INFO - Processing /opt/airflow/dags/equities_eod_batch_dag.py took 0.095 seconds
[2025-09-17T02:07:15.873+0000] {processor.py:161} INFO - Started process (PID=344) to work on /opt/airflow/dags/equities_eod_batch_dag.py
[2025-09-17T02:07:15.876+0000] {processor.py:830} INFO - Processing file /opt/airflow/dags/equities_eod_batch_dag.py for tasks to queue
[2025-09-17T02:07:15.885+0000] {logging_mixin.py:188} INFO - [2025-09-17T02:07:15.879+0000] {dagbag.py:538} INFO - Filling up the DagBag from /opt/airflow/dags/equities_eod_batch_dag.py
[2025-09-17T02:07:15.904+0000] {logging_mixin.py:188} INFO - [2025-09-17T02:07:15.899+0000] {dagbag.py:348} ERROR - Failed to import: /opt/airflow/dags/equities_eod_batch_dag.py
Traceback (most recent call last):
  File "/home/airflow/.local/lib/python3.8/site-packages/airflow/models/dagbag.py", line 344, in parse
    loader.exec_module(new_module)
  File "<frozen importlib._bootstrap_external>", line 843, in exec_module
  File "<frozen importlib._bootstrap>", line 219, in _call_with_frames_removed
  File "/opt/airflow/dags/equities_eod_batch_dag.py", line 4, in <module>
    from scripts.equities_eod_writer import run_equities_eod_writer
ModuleNotFoundError: No module named 'scripts.equities_eod_writer'
[2025-09-17T02:07:15.906+0000] {processor.py:842} WARNING - No viable dags retrieved from /opt/airflow/dags/equities_eod_batch_dag.py
[2025-09-17T02:07:16.054+0000] {processor.py:183} INFO - Processing /opt/airflow/dags/equities_eod_batch_dag.py took 0.190 seconds
[2025-09-17T02:07:46.796+0000] {processor.py:161} INFO - Started process (PID=379) to work on /opt/airflow/dags/equities_eod_batch_dag.py
[2025-09-17T02:07:46.798+0000] {processor.py:830} INFO - Processing file /opt/airflow/dags/equities_eod_batch_dag.py for tasks to queue
[2025-09-17T02:07:46.800+0000] {logging_mixin.py:188} INFO - [2025-09-17T02:07:46.800+0000] {dagbag.py:538} INFO - Filling up the DagBag from /opt/airflow/dags/equities_eod_batch_dag.py
[2025-09-17T02:07:46.812+0000] {logging_mixin.py:188} INFO - [2025-09-17T02:07:46.808+0000] {dagbag.py:348} ERROR - Failed to import: /opt/airflow/dags/equities_eod_batch_dag.py
Traceback (most recent call last):
  File "/home/airflow/.local/lib/python3.8/site-packages/airflow/models/dagbag.py", line 344, in parse
    loader.exec_module(new_module)
  File "<frozen importlib._bootstrap_external>", line 843, in exec_module
  File "<frozen importlib._bootstrap>", line 219, in _call_with_frames_removed
  File "/opt/airflow/dags/equities_eod_batch_dag.py", line 4, in <module>
    from scripts.equities_eod_writer import run_equities_eod_writer
ModuleNotFoundError: No module named 'scripts.equities_eod_writer'
[2025-09-17T02:07:46.814+0000] {processor.py:842} WARNING - No viable dags retrieved from /opt/airflow/dags/equities_eod_batch_dag.py
[2025-09-17T02:07:46.867+0000] {processor.py:183} INFO - Processing /opt/airflow/dags/equities_eod_batch_dag.py took 0.080 seconds
[2025-09-17T02:08:17.733+0000] {processor.py:161} INFO - Started process (PID=404) to work on /opt/airflow/dags/equities_eod_batch_dag.py
[2025-09-17T02:08:17.735+0000] {processor.py:830} INFO - Processing file /opt/airflow/dags/equities_eod_batch_dag.py for tasks to queue
[2025-09-17T02:08:17.736+0000] {logging_mixin.py:188} INFO - [2025-09-17T02:08:17.736+0000] {dagbag.py:538} INFO - Filling up the DagBag from /opt/airflow/dags/equities_eod_batch_dag.py
[2025-09-17T02:08:17.743+0000] {logging_mixin.py:188} INFO - [2025-09-17T02:08:17.742+0000] {dagbag.py:348} ERROR - Failed to import: /opt/airflow/dags/equities_eod_batch_dag.py
Traceback (most recent call last):
  File "/home/airflow/.local/lib/python3.8/site-packages/airflow/models/dagbag.py", line 344, in parse
    loader.exec_module(new_module)
  File "<frozen importlib._bootstrap_external>", line 843, in exec_module
  File "<frozen importlib._bootstrap>", line 219, in _call_with_frames_removed
  File "/opt/airflow/dags/equities_eod_batch_dag.py", line 4, in <module>
    from scripts.equities_eod_writer import run_equities_eod_writer
ModuleNotFoundError: No module named 'scripts.equities_eod_writer'
[2025-09-17T02:08:17.744+0000] {processor.py:842} WARNING - No viable dags retrieved from /opt/airflow/dags/equities_eod_batch_dag.py
[2025-09-17T02:08:17.787+0000] {processor.py:183} INFO - Processing /opt/airflow/dags/equities_eod_batch_dag.py took 0.061 seconds
[2025-09-17T02:08:50.595+0000] {processor.py:161} INFO - Started process (PID=429) to work on /opt/airflow/dags/equities_eod_batch_dag.py
[2025-09-17T02:08:50.643+0000] {processor.py:830} INFO - Processing file /opt/airflow/dags/equities_eod_batch_dag.py for tasks to queue
[2025-09-17T02:08:50.731+0000] {logging_mixin.py:188} INFO - [2025-09-17T02:08:50.727+0000] {dagbag.py:538} INFO - Filling up the DagBag from /opt/airflow/dags/equities_eod_batch_dag.py
[2025-09-17T02:08:50.763+0000] {logging_mixin.py:188} INFO - [2025-09-17T02:08:50.758+0000] {dagbag.py:348} ERROR - Failed to import: /opt/airflow/dags/equities_eod_batch_dag.py
Traceback (most recent call last):
  File "/home/airflow/.local/lib/python3.8/site-packages/airflow/models/dagbag.py", line 344, in parse
    loader.exec_module(new_module)
  File "<frozen importlib._bootstrap_external>", line 843, in exec_module
  File "<frozen importlib._bootstrap>", line 219, in _call_with_frames_removed
  File "/opt/airflow/dags/equities_eod_batch_dag.py", line 4, in <module>
    from scripts.equities_eod_writer import run_equities_eod_writer
ModuleNotFoundError: No module named 'scripts.equities_eod_writer'
[2025-09-17T02:08:50.765+0000] {processor.py:842} WARNING - No viable dags retrieved from /opt/airflow/dags/equities_eod_batch_dag.py
[2025-09-17T02:08:50.985+0000] {processor.py:183} INFO - Processing /opt/airflow/dags/equities_eod_batch_dag.py took 0.432 seconds
[2025-09-17T02:09:21.223+0000] {processor.py:161} INFO - Started process (PID=454) to work on /opt/airflow/dags/equities_eod_batch_dag.py
[2025-09-17T02:09:21.227+0000] {processor.py:830} INFO - Processing file /opt/airflow/dags/equities_eod_batch_dag.py for tasks to queue
[2025-09-17T02:09:21.232+0000] {logging_mixin.py:188} INFO - [2025-09-17T02:09:21.230+0000] {dagbag.py:538} INFO - Filling up the DagBag from /opt/airflow/dags/equities_eod_batch_dag.py
[2025-09-17T02:09:21.254+0000] {logging_mixin.py:188} INFO - [2025-09-17T02:09:21.251+0000] {dagbag.py:348} ERROR - Failed to import: /opt/airflow/dags/equities_eod_batch_dag.py
Traceback (most recent call last):
  File "/home/airflow/.local/lib/python3.8/site-packages/airflow/models/dagbag.py", line 344, in parse
    loader.exec_module(new_module)
  File "<frozen importlib._bootstrap_external>", line 843, in exec_module
  File "<frozen importlib._bootstrap>", line 219, in _call_with_frames_removed
  File "/opt/airflow/dags/equities_eod_batch_dag.py", line 4, in <module>
    from scripts.equities_eod_writer import run_equities_eod_writer
ModuleNotFoundError: No module named 'scripts.equities_eod_writer'
[2025-09-17T02:09:21.255+0000] {processor.py:842} WARNING - No viable dags retrieved from /opt/airflow/dags/equities_eod_batch_dag.py
[2025-09-17T02:09:21.539+0000] {processor.py:183} INFO - Processing /opt/airflow/dags/equities_eod_batch_dag.py took 0.342 seconds
[2025-09-17T02:09:52.855+0000] {processor.py:161} INFO - Started process (PID=477) to work on /opt/airflow/dags/equities_eod_batch_dag.py
[2025-09-17T02:09:52.862+0000] {processor.py:830} INFO - Processing file /opt/airflow/dags/equities_eod_batch_dag.py for tasks to queue
[2025-09-17T02:09:52.869+0000] {logging_mixin.py:188} INFO - [2025-09-17T02:09:52.867+0000] {dagbag.py:538} INFO - Filling up the DagBag from /opt/airflow/dags/equities_eod_batch_dag.py
[2025-09-17T02:09:52.899+0000] {logging_mixin.py:188} INFO - [2025-09-17T02:09:52.890+0000] {dagbag.py:348} ERROR - Failed to import: /opt/airflow/dags/equities_eod_batch_dag.py
Traceback (most recent call last):
  File "/home/airflow/.local/lib/python3.8/site-packages/airflow/models/dagbag.py", line 344, in parse
    loader.exec_module(new_module)
  File "<frozen importlib._bootstrap_external>", line 843, in exec_module
  File "<frozen importlib._bootstrap>", line 219, in _call_with_frames_removed
  File "/opt/airflow/dags/equities_eod_batch_dag.py", line 4, in <module>
    from scripts.equities_eod_writer import run_equities_eod_writer
ModuleNotFoundError: No module named 'scripts.equities_eod_writer'
[2025-09-17T02:09:52.903+0000] {processor.py:842} WARNING - No viable dags retrieved from /opt/airflow/dags/equities_eod_batch_dag.py
[2025-09-17T02:09:52.987+0000] {processor.py:183} INFO - Processing /opt/airflow/dags/equities_eod_batch_dag.py took 0.175 seconds
[2025-09-17T02:10:23.244+0000] {processor.py:161} INFO - Started process (PID=522) to work on /opt/airflow/dags/equities_eod_batch_dag.py
[2025-09-17T02:10:23.247+0000] {processor.py:830} INFO - Processing file /opt/airflow/dags/equities_eod_batch_dag.py for tasks to queue
[2025-09-17T02:10:23.249+0000] {logging_mixin.py:188} INFO - [2025-09-17T02:10:23.248+0000] {dagbag.py:538} INFO - Filling up the DagBag from /opt/airflow/dags/equities_eod_batch_dag.py
[2025-09-17T02:10:23.259+0000] {logging_mixin.py:188} INFO - [2025-09-17T02:10:23.257+0000] {dagbag.py:348} ERROR - Failed to import: /opt/airflow/dags/equities_eod_batch_dag.py
Traceback (most recent call last):
  File "/home/airflow/.local/lib/python3.8/site-packages/airflow/models/dagbag.py", line 344, in parse
    loader.exec_module(new_module)
  File "<frozen importlib._bootstrap_external>", line 843, in exec_module
  File "<frozen importlib._bootstrap>", line 219, in _call_with_frames_removed
  File "/opt/airflow/dags/equities_eod_batch_dag.py", line 4, in <module>
    from scripts.equities_eod_writer import run_equities_eod_writer
ModuleNotFoundError: No module named 'scripts.equities_eod_writer'
[2025-09-17T02:10:23.260+0000] {processor.py:842} WARNING - No viable dags retrieved from /opt/airflow/dags/equities_eod_batch_dag.py
[2025-09-17T02:10:23.312+0000] {processor.py:183} INFO - Processing /opt/airflow/dags/equities_eod_batch_dag.py took 0.077 seconds
[2025-09-17T02:10:54.126+0000] {processor.py:161} INFO - Started process (PID=562) to work on /opt/airflow/dags/equities_eod_batch_dag.py
[2025-09-17T02:10:54.127+0000] {processor.py:830} INFO - Processing file /opt/airflow/dags/equities_eod_batch_dag.py for tasks to queue
[2025-09-17T02:10:54.129+0000] {logging_mixin.py:188} INFO - [2025-09-17T02:10:54.128+0000] {dagbag.py:538} INFO - Filling up the DagBag from /opt/airflow/dags/equities_eod_batch_dag.py
[2025-09-17T02:10:54.135+0000] {logging_mixin.py:188} INFO - [2025-09-17T02:10:54.134+0000] {dagbag.py:348} ERROR - Failed to import: /opt/airflow/dags/equities_eod_batch_dag.py
Traceback (most recent call last):
  File "/home/airflow/.local/lib/python3.8/site-packages/airflow/models/dagbag.py", line 344, in parse
    loader.exec_module(new_module)
  File "<frozen importlib._bootstrap_external>", line 843, in exec_module
  File "<frozen importlib._bootstrap>", line 219, in _call_with_frames_removed
  File "/opt/airflow/dags/equities_eod_batch_dag.py", line 4, in <module>
    from scripts.equities_eod_writer import run_equities_eod_writer
ModuleNotFoundError: No module named 'scripts.equities_eod_writer'
[2025-09-17T02:10:54.135+0000] {processor.py:842} WARNING - No viable dags retrieved from /opt/airflow/dags/equities_eod_batch_dag.py
[2025-09-17T02:10:54.162+0000] {processor.py:183} INFO - Processing /opt/airflow/dags/equities_eod_batch_dag.py took 0.044 seconds
[2025-09-17T02:11:40.279+0000] {processor.py:161} INFO - Started process (PID=194) to work on /opt/airflow/dags/equities_eod_batch_dag.py
[2025-09-17T02:11:40.282+0000] {processor.py:830} INFO - Processing file /opt/airflow/dags/equities_eod_batch_dag.py for tasks to queue
[2025-09-17T02:11:40.283+0000] {logging_mixin.py:188} INFO - [2025-09-17T02:11:40.283+0000] {dagbag.py:538} INFO - Filling up the DagBag from /opt/airflow/dags/equities_eod_batch_dag.py
[2025-09-17T02:11:40.299+0000] {logging_mixin.py:188} INFO - [2025-09-17T02:11:40.295+0000] {dagbag.py:348} ERROR - Failed to import: /opt/airflow/dags/equities_eod_batch_dag.py
Traceback (most recent call last):
  File "/home/airflow/.local/lib/python3.8/site-packages/airflow/models/dagbag.py", line 344, in parse
    loader.exec_module(new_module)
  File "<frozen importlib._bootstrap_external>", line 843, in exec_module
  File "<frozen importlib._bootstrap>", line 219, in _call_with_frames_removed
  File "/opt/airflow/dags/equities_eod_batch_dag.py", line 4, in <module>
    from scripts.equities_eod_writer import run_equities_eod_writer
ModuleNotFoundError: No module named 'scripts.equities_eod_writer'
[2025-09-17T02:11:40.302+0000] {processor.py:842} WARNING - No viable dags retrieved from /opt/airflow/dags/equities_eod_batch_dag.py
[2025-09-17T02:11:40.373+0000] {processor.py:183} INFO - Processing /opt/airflow/dags/equities_eod_batch_dag.py took 0.109 seconds
[2025-09-17T02:12:10.683+0000] {processor.py:161} INFO - Started process (PID=219) to work on /opt/airflow/dags/equities_eod_batch_dag.py
[2025-09-17T02:12:10.686+0000] {processor.py:830} INFO - Processing file /opt/airflow/dags/equities_eod_batch_dag.py for tasks to queue
[2025-09-17T02:12:10.688+0000] {logging_mixin.py:188} INFO - [2025-09-17T02:12:10.688+0000] {dagbag.py:538} INFO - Filling up the DagBag from /opt/airflow/dags/equities_eod_batch_dag.py
[2025-09-17T02:12:10.700+0000] {logging_mixin.py:188} INFO - [2025-09-17T02:12:10.697+0000] {dagbag.py:348} ERROR - Failed to import: /opt/airflow/dags/equities_eod_batch_dag.py
Traceback (most recent call last):
  File "/home/airflow/.local/lib/python3.8/site-packages/airflow/models/dagbag.py", line 344, in parse
    loader.exec_module(new_module)
  File "<frozen importlib._bootstrap_external>", line 843, in exec_module
  File "<frozen importlib._bootstrap>", line 219, in _call_with_frames_removed
  File "/opt/airflow/dags/equities_eod_batch_dag.py", line 4, in <module>
    from scripts.equities_eod_writer import run_equities_eod_writer
ModuleNotFoundError: No module named 'scripts.equities_eod_writer'
[2025-09-17T02:12:10.700+0000] {processor.py:842} WARNING - No viable dags retrieved from /opt/airflow/dags/equities_eod_batch_dag.py
[2025-09-17T02:12:10.802+0000] {processor.py:183} INFO - Processing /opt/airflow/dags/equities_eod_batch_dag.py took 0.142 seconds
[2025-09-17T02:12:43.056+0000] {processor.py:161} INFO - Started process (PID=244) to work on /opt/airflow/dags/equities_eod_batch_dag.py
[2025-09-17T02:12:43.060+0000] {processor.py:830} INFO - Processing file /opt/airflow/dags/equities_eod_batch_dag.py for tasks to queue
[2025-09-17T02:12:43.062+0000] {logging_mixin.py:188} INFO - [2025-09-17T02:12:43.061+0000] {dagbag.py:538} INFO - Filling up the DagBag from /opt/airflow/dags/equities_eod_batch_dag.py
[2025-09-17T02:12:43.106+0000] {logging_mixin.py:188} INFO - [2025-09-17T02:12:43.090+0000] {dagbag.py:348} ERROR - Failed to import: /opt/airflow/dags/equities_eod_batch_dag.py
Traceback (most recent call last):
  File "/home/airflow/.local/lib/python3.8/site-packages/airflow/models/dagbag.py", line 344, in parse
    loader.exec_module(new_module)
  File "<frozen importlib._bootstrap_external>", line 843, in exec_module
  File "<frozen importlib._bootstrap>", line 219, in _call_with_frames_removed
  File "/opt/airflow/dags/equities_eod_batch_dag.py", line 4, in <module>
    from scripts.equities_eod_writer import run_equities_eod_writer
ModuleNotFoundError: No module named 'scripts.equities_eod_writer'
[2025-09-17T02:12:43.109+0000] {processor.py:842} WARNING - No viable dags retrieved from /opt/airflow/dags/equities_eod_batch_dag.py
[2025-09-17T02:12:43.224+0000] {processor.py:183} INFO - Processing /opt/airflow/dags/equities_eod_batch_dag.py took 0.183 seconds
[2025-09-17T02:13:14.379+0000] {processor.py:161} INFO - Started process (PID=269) to work on /opt/airflow/dags/equities_eod_batch_dag.py
[2025-09-17T02:13:14.382+0000] {processor.py:830} INFO - Processing file /opt/airflow/dags/equities_eod_batch_dag.py for tasks to queue
[2025-09-17T02:13:14.386+0000] {logging_mixin.py:188} INFO - [2025-09-17T02:13:14.385+0000] {dagbag.py:538} INFO - Filling up the DagBag from /opt/airflow/dags/equities_eod_batch_dag.py
[2025-09-17T02:13:14.430+0000] {logging_mixin.py:188} INFO - [2025-09-17T02:13:14.423+0000] {dagbag.py:348} ERROR - Failed to import: /opt/airflow/dags/equities_eod_batch_dag.py
Traceback (most recent call last):
  File "/home/airflow/.local/lib/python3.8/site-packages/airflow/models/dagbag.py", line 344, in parse
    loader.exec_module(new_module)
  File "<frozen importlib._bootstrap_external>", line 843, in exec_module
  File "<frozen importlib._bootstrap>", line 219, in _call_with_frames_removed
  File "/opt/airflow/dags/equities_eod_batch_dag.py", line 4, in <module>
    from scripts.equities_eod_writer import run_equities_eod_writer
ModuleNotFoundError: No module named 'scripts.equities_eod_writer'
[2025-09-17T02:13:14.435+0000] {processor.py:842} WARNING - No viable dags retrieved from /opt/airflow/dags/equities_eod_batch_dag.py
[2025-09-17T02:13:14.597+0000] {processor.py:183} INFO - Processing /opt/airflow/dags/equities_eod_batch_dag.py took 0.233 seconds
