[2025-09-17T05:31:23.641+0000] {taskinstance.py:1956} INFO - Dependencies all met for dep_context=non-requeueable deps ti=<TaskInstance: crypto_stream_dag.stream_crypto_ticks scheduled__2025-09-17T05:30:00+00:00 [queued]>
[2025-09-17T05:31:23.678+0000] {taskinstance.py:1956} INFO - Dependencies all met for dep_context=requeueable deps ti=<TaskInstance: crypto_stream_dag.stream_crypto_ticks scheduled__2025-09-17T05:30:00+00:00 [queued]>
[2025-09-17T05:31:23.679+0000] {taskinstance.py:2170} INFO - Starting attempt 1 of 1
[2025-09-17T05:31:23.747+0000] {taskinstance.py:2191} INFO - Executing <Task(PythonOperator): stream_crypto_ticks> on 2025-09-17 05:30:00+00:00
[2025-09-17T05:31:23.772+0000] {standard_task_runner.py:60} INFO - Started process 204 to run task
[2025-09-17T05:31:23.825+0000] {standard_task_runner.py:87} INFO - Running: ['***', 'tasks', 'run', 'crypto_stream_dag', 'stream_crypto_ticks', 'scheduled__2025-09-17T05:30:00+00:00', '--job-id', '5', '--raw', '--subdir', 'DAGS_FOLDER/crypto_stream_dag.py', '--cfg-path', '/tmp/tmpuhplt9d_']
[2025-09-17T05:31:23.841+0000] {standard_task_runner.py:88} INFO - Job 5: Subtask stream_crypto_ticks
[2025-09-17T05:31:24.575+0000] {task_command.py:423} INFO - Running <TaskInstance: crypto_stream_dag.stream_crypto_ticks scheduled__2025-09-17T05:30:00+00:00 [running]> on host 5940dd694332
[2025-09-17T05:31:25.231+0000] {taskinstance.py:2480} INFO - Exporting env vars: AIRFLOW_CTX_DAG_OWNER='ho' AIRFLOW_CTX_DAG_ID='crypto_stream_dag' AIRFLOW_CTX_TASK_ID='stream_crypto_ticks' AIRFLOW_CTX_EXECUTION_DATE='2025-09-17T05:30:00+00:00' AIRFLOW_CTX_TRY_NUMBER='1' AIRFLOW_CTX_DAG_RUN_ID='scheduled__2025-09-17T05:30:00+00:00'
[2025-09-17T05:31:30.920+0000] {base.py:126} ERROR - Failed to get ticker 'SOL-USD' reason: Expecting value: line 1 column 1 (char 0)
[2025-09-17T05:31:30.944+0000] {base.py:126} ERROR - Failed to get ticker 'ETH-USD' reason: Expecting value: line 1 column 1 (char 0)
[2025-09-17T05:31:30.950+0000] {base.py:126} ERROR - Failed to get ticker 'ADA-USD' reason: Expecting value: line 1 column 1 (char 0)
[2025-09-17T05:31:31.045+0000] {base.py:126} ERROR - Failed to get ticker 'XRP-USD' reason: Expecting value: line 1 column 1 (char 0)
[2025-09-17T05:31:32.345+0000] {logging_mixin.py:188} WARNING - [                       0%                       ]
[2025-09-17T05:31:32.350+0000] {logging_mixin.py:188} WARNING - [                       0%                       ]
[2025-09-17T05:31:32.352+0000] {logging_mixin.py:188} WARNING - [                       0%                       ]
[2025-09-17T05:31:32.353+0000] {logging_mixin.py:188} WARNING - [                       0%                       ]
[2025-09-17T05:31:32.900+0000] {base.py:126} ERROR - Failed to get ticker 'BTC-USD' reason: Expecting value: line 1 column 1 (char 0)
[2025-09-17T05:31:35.443+0000] {logging_mixin.py:188} WARNING - [*********************100%***********************]  5 of 5 completed
[2025-09-17T05:31:35.468+0000] {multi.py:171} ERROR - 
5 Failed downloads:
[2025-09-17T05:31:35.472+0000] {multi.py:184} ERROR - ['XRP-USD', 'SOL-USD', 'ADA-USD', 'ETH-USD', 'BTC-USD']: JSONDecodeError('Expecting value: line 1 column 1 (char 0)')
[2025-09-17T05:31:36.237+0000] {python.py:201} INFO - Done. Returned value was: None
[2025-09-17T05:31:36.347+0000] {taskinstance.py:1138} INFO - Marking task as SUCCESS. dag_id=crypto_stream_dag, task_id=stream_crypto_ticks, execution_date=20250917T053000, start_date=20250917T053123, end_date=20250917T053136
[2025-09-17T05:31:36.451+0000] {local_task_job_runner.py:234} INFO - Task exited with return code 0
[2025-09-17T05:31:36.560+0000] {taskinstance.py:3280} INFO - 0 downstream tasks scheduled from follow-on schedule check
